=== Run information ===

Scheme:       weka.associations.Apriori -N 10 -T 0 -C 0.9 -D 0.05 -U 1.0 -M 0.1 -S -1.0 -c -1
Relation:     BASE
Instances:    649
Attributes:   23
              sexo
              tamanhodafamilia
              moracomafamilia
              nivelescolarmae
              nivelescolarpai
              trabalhomae
              trabalhopai
              tempoestudosemanal
              reprovacoes
              suporteeducacionalescolar
              suporteeducacionalfamiliar
              realizaatividadeextracurricular
              visaeducacaosuperior
              possuiinternetemcasa
              temalgumrelacionamentoamoroso
              qualidaderelacionamentofamiliar
              tempolivre
              saircamigos
              consumoalcooldiasemana
              consumoalcoolfimsemana
              condicaodesaUde
              faltasconceito
              desemepenhoruim
=== Associator model (full training set) ===


Apriori
=======

Minimum support: 0.65 (422 instances)
Minimum metric <confidence>: 0.9
Number of cycles performed: 7

Generated sets of large itemsets:

Size of set of large itemsets L(1): 9

Size of set of large itemsets L(2): 16

Size of set of large itemsets L(3): 5

Best rules found:

 1. reprovacoes=Nao desemepenhoruim=Nao 463 ==> visaeducacaosuperior=Sim 445    <conf:(0.96)> lift:(1.08) lev:(0.05) [31] conv:(2.59)
 2. desemepenhoruim=Nao 492 ==> visaeducacaosuperior=Sim 469    <conf:(0.95)> lift:(1.07) lev:(0.05) [29] conv:(2.18)
 3. visaeducacaosuperior=Sim desemepenhoruim=Nao 469 ==> reprovacoes=Nao 445    <conf:(0.95)> lift:(1.12) lev:(0.07) [48] conv:(2.89)
 4. desemepenhoruim=Nao 492 ==> reprovacoes=Nao 463    <conf:(0.94)> lift:(1.11) lev:(0.07) [46] conv:(2.53)
 5. moracomafamilia=Sim reprovacoes=Nao 481 ==> visaeducacaosuperior=Sim 451    <conf:(0.94)> lift:(1.05) lev:(0.03) [21] conv:(1.65)
 6. reprovacoes=Nao 549 ==> visaeducacaosuperior=Sim 513    <conf:(0.93)> lift:(1.05) lev:(0.03) [22] conv:(1.58)
 7. tamanhodafamilia=GT3 457 ==> moracomafamilia=Sim 424    <conf:(0.93)> lift:(1.06) lev:(0.04) [23] conv:(1.66)
 8. reprovacoes=Nao suporteeducacionalescolar=Nao 491 ==> visaeducacaosuperior=Sim 455    <conf:(0.93)> lift:(1.04) lev:(0.02) [16] conv:(1.41)
 9. faltasconceito=BAIXO 466 ==> visaeducacaosuperior=Sim 426    <conf:(0.91)> lift:(1.02) lev:(0.01) [9] conv:(1.21)
10. possuiinternetemcasa=Sim 498 ==> visaeducacaosuperior=Sim 451    <conf:(0.91)> lift:(1.01) lev:(0.01) [5] conv:(1.1)