=== Run information ===

Scheme:       weka.associations.Apriori -N 10 -T 0 -C 0.7 -D 0.05 -U 1.0 -M 0.1 -S -1.0 -c -1
Relation:     BASE-weka.filters.unsupervised.attribute.Remove-R2-weka.filters.unsupervised.attribute.Remove-R8-weka.filters.unsupervised.attribute.Remove-R11-weka.filters.unsupervised.attribute.Remove-R8-9-weka.filters.unsupervised.attribute.Remove-R5-6,8-9-weka.filters.unsupervised.attribute.Remove-R8-9
Instances:    649
Attributes:   12
              sexo
              moracomafamilia
              nivelescolarmae
              nivelescolarpai
              tempoestudosemanal
              temalgumrelacionamentoamoroso
              qualidaderelacionamentofamiliar
              consumoalcooldiasemana
              consumoalcoolfimsemana
              condicaodesaUde
              faltasconceito
              desemepenhoruim
=== Associator model (full training set) ===


Apriori
=======

Minimum support: 0.55 (357 instances)
Minimum metric <confidence>: 0.7
Number of cycles performed: 9

Generated sets of large itemsets:

Size of set of large itemsets L(1): 6

Size of set of large itemsets L(2): 6

Best rules found:

 1. faltasconceito=BAIXO 466 ==> moracomafamilia=Sim 418    <conf:(0.9)> lift:(1.02) lev:(0.01) [9] conv:(1.17)
 2. temalgumrelacionamentoamoroso=Nao 410 ==> moracomafamilia=Sim 365    <conf:(0.89)> lift:(1.02) lev:(0.01) [5] conv:(1.1)
 3. desemepenhoruim=Nao 492 ==> moracomafamilia=Sim 430    <conf:(0.87)> lift:(1) lev:(-0) [-1] conv:(0.96)
 4. consumoalcooldiasemana=Pouquissimo 451 ==> moracomafamilia=Sim 389    <conf:(0.86)> lift:(0.98) lev:(-0.01) [-6] conv:(0.88)
 5. consumoalcooldiasemana=Pouquissimo 451 ==> desemepenhoruim=Nao 358    <conf:(0.79)> lift:(1.05) lev:(0.02) [16] conv:(1.16)
 6. faltasconceito=BAIXO 466 ==> desemepenhoruim=Nao 364    <conf:(0.78)> lift:(1.03) lev:(0.02) [10] conv:(1.09)
 7. moracomafamilia=Sim 569 ==> desemepenhoruim=Nao 430    <conf:(0.76)> lift:(1) lev:(-0) [-1] conv:(0.98)
 8. desemepenhoruim=Nao 492 ==> faltasconceito=BAIXO 364    <conf:(0.74)> lift:(1.03) lev:(0.02) [10] conv:(1.08)
 9. moracomafamilia=Sim 569 ==> faltasconceito=BAIXO 418    <conf:(0.73)> lift:(1.02) lev:(0.01) [9] conv:(1.06)
10. desemepenhoruim=Nao 492 ==> consumoalcooldiasemana=Pouquissimo 358    <conf:(0.73)> lift:(1.05) lev:(0.02) [16] conv:(1.11)

